2026-05-19 15:13:56.995 
======================================================================
[SQL 실행 시간: 0 ms]

    SELECT
        ID,
        NAME,
        DESCRIPTION,
        USE_YN,
        REG_USER    
    FROM
        SAMPLE    
    WHERE
        1=1         
    ORDER BY
        ID DESC    LIMIT 10 OFFSET 0
======================================================================
2026-05-19 15:13:57.012 
======================================================================
[SQL 실행 시간: 1 ms]

    SELECT
        COUNT(*) totcnt    
    FROM
        SAMPLE    
    WHERE
        1=1
======================================================================
2026-05-19 15:17:01.459 
======================================================================
[SQL 실행 시간: 0 ms]

    SELECT
        ID,
        NAME,
        DESCRIPTION,
        USE_YN,
        REG_USER    
    FROM
        SAMPLE    
    WHERE
        1=1         
    ORDER BY
        ID DESC    LIMIT 10 OFFSET 0
======================================================================
2026-05-19 15:17:01.482 
======================================================================
[SQL 실행 시간: 1 ms]

    SELECT
        COUNT(*) totcnt    
    FROM
        SAMPLE    
    WHERE
        1=1
======================================================================
2026-05-19 15:17:01.728 
======================================================================
[SQL 실행 시간: 0 ms]

    SELECT
        ID,
        NAME,
        DESCRIPTION,
        USE_YN,
        REG_USER    
    FROM
        SAMPLE    
    WHERE
        1=1         
    ORDER BY
        ID DESC    LIMIT 10 OFFSET 0
======================================================================
2026-05-19 15:17:01.730 
======================================================================
[SQL 실행 시간: 0 ms]

    SELECT
        COUNT(*) totcnt    
    FROM
        SAMPLE    
    WHERE
        1=1
======================================================================
2026-05-19 15:17:07.900 
======================================================================
[SQL 실행 시간: 0 ms]

    SELECT
        ID,
        NAME,
        DESCRIPTION,
        USE_YN,
        REG_USER    
    FROM
        SAMPLE    
    WHERE
        1=1         
    ORDER BY
        ID DESC    LIMIT 10 OFFSET 0
======================================================================
2026-05-19 15:17:07.907 
======================================================================
[SQL 실행 시간: 0 ms]

    SELECT
        COUNT(*) totcnt    
    FROM
        SAMPLE    
    WHERE
        1=1
======================================================================
2026-05-19 16:01:55.122 
======================================================================
[SQL 실행 시간: 0 ms]

    SELECT
        ID,
        NAME,
        DESCRIPTION,
        USE_YN,
        REG_USER    
    FROM
        SAMPLE    
    WHERE
        1=1         
    ORDER BY
        ID DESC    LIMIT 10 OFFSET 0
======================================================================
2026-05-19 16:01:55.151 
======================================================================
[SQL 실행 시간: 4 ms]

    SELECT
        COUNT(*) totcnt    
    FROM
        SAMPLE    
    WHERE
        1=1
======================================================================
2026-05-19 16:01:58.264 
======================================================================
[SQL 실행 시간: 0 ms]

    SELECT
        ID,
        NAME,
        DESCRIPTION,
        USE_YN,
        REG_USER    
    FROM
        SAMPLE    
    WHERE
        1=1         
    ORDER BY
        ID DESC    LIMIT 10 OFFSET 0
======================================================================
2026-05-19 16:01:58.267 
======================================================================
[SQL 실행 시간: 0 ms]

    SELECT
        COUNT(*) totcnt    
    FROM
        SAMPLE    
    WHERE
        1=1
======================================================================
2026-05-19 16:03:26.327 
======================================================================
[SQL 실행 시간: 0 ms]

    SELECT
        ID,
        NAME,
        DESCRIPTION,
        USE_YN,
        REG_USER    
    FROM
        SAMPLE    
    WHERE
        1=1         
    ORDER BY
        ID DESC    LIMIT 10 OFFSET 0
======================================================================
2026-05-19 16:03:26.345 
======================================================================
[SQL 실행 시간: 1 ms]

    SELECT
        COUNT(*) totcnt    
    FROM
        SAMPLE    
    WHERE
        1=1
======================================================================
2026-05-19 16:03:29.682 
======================================================================
[SQL 실행 시간: 0 ms]

    SELECT
        ID,
        NAME,
        DESCRIPTION,
        USE_YN,
        REG_USER    
    FROM
        SAMPLE    
    WHERE
        1=1         
    ORDER BY
        ID DESC    LIMIT 10 OFFSET 0
======================================================================
2026-05-19 16:03:29.685 
======================================================================
[SQL 실행 시간: 0 ms]

    SELECT
        COUNT(*) totcnt    
    FROM
        SAMPLE    
    WHERE
        1=1
======================================================================
2026-05-19 16:04:24.747 
======================================================================
[SQL 실행 시간: 0 ms]

    SELECT
        ID,
        NAME,
        DESCRIPTION,
        USE_YN,
        REG_USER    
    FROM
        SAMPLE    
    WHERE
        1=1         
    ORDER BY
        ID DESC    LIMIT 10 OFFSET 0
======================================================================
2026-05-19 16:04:24.763 
======================================================================
[SQL 실행 시간: 1 ms]

    SELECT
        COUNT(*) totcnt    
    FROM
        SAMPLE    
    WHERE
        1=1
======================================================================
2026-05-19 16:06:41.906 
======================================================================
[SQL 실행 시간: 0 ms]

    SELECT
        ID,
        NAME,
        DESCRIPTION,
        USE_YN,
        REG_USER    
    FROM
        SAMPLE    
    WHERE
        1=1         
    ORDER BY
        ID DESC    LIMIT 10 OFFSET 0
======================================================================
2026-05-19 16:06:41.941 
======================================================================
[SQL 실행 시간: 1 ms]

    SELECT
        COUNT(*) totcnt    
    FROM
        SAMPLE    
    WHERE
        1=1
======================================================================
2026-05-19 16:06:44.380 
======================================================================
[SQL 실행 시간: 0 ms]

    SELECT
        ID,
        NAME,
        DESCRIPTION,
        USE_YN,
        REG_USER    
    FROM
        SAMPLE    
    WHERE
        1=1         
    ORDER BY
        ID DESC    LIMIT 10 OFFSET 0
======================================================================
2026-05-19 16:06:44.391 
======================================================================
[SQL 실행 시간: 0 ms]

    SELECT
        COUNT(*) totcnt    
    FROM
        SAMPLE    
    WHERE
        1=1
======================================================================
2026-05-19 16:31:52.902 
======================================================================
[SQL 실행 시간: 0 ms]

    SELECT
        ID,
        NAME,
        DESCRIPTION,
        USE_YN,
        REG_USER    
    FROM
        SAMPLE    
    WHERE
        1=1         
    ORDER BY
        ID DESC    LIMIT 10 OFFSET 0
======================================================================
2026-05-19 16:31:52.920 
======================================================================
[SQL 실행 시간: 1 ms]

    SELECT
        COUNT(*) totcnt    
    FROM
        SAMPLE    
    WHERE
        1=1
======================================================================
2026-05-19 16:32:10.875 
======================================================================
[SQL 실행 시간: 0 ms]

    SELECT
        ID,
        NAME,
        DESCRIPTION,
        USE_YN,
        REG_USER    
    FROM
        SAMPLE    
    WHERE
        1=1         
    ORDER BY
        ID DESC    LIMIT 10 OFFSET 0
======================================================================
2026-05-19 16:32:10.878 
======================================================================
[SQL 실행 시간: 0 ms]

    SELECT
        COUNT(*) totcnt    
    FROM
        SAMPLE    
    WHERE
        1=1
======================================================================
2026-05-19 16:34:34.342 
======================================================================
[SQL 실행 시간: 0 ms]

    SELECT
        ID,
        NAME,
        DESCRIPTION,
        USE_YN,
        REG_USER    
    FROM
        SAMPLE    
    WHERE
        1=1         
    ORDER BY
        ID DESC    LIMIT 10 OFFSET 0
======================================================================
2026-05-19 16:34:34.348 
======================================================================
[SQL 실행 시간: 0 ms]

    SELECT
        COUNT(*) totcnt    
    FROM
        SAMPLE    
    WHERE
        1=1
======================================================================
2026-05-19 16:34:58.414 
======================================================================
[SQL 실행 시간: 0 ms]

    SELECT
        ID,
        NAME,
        DESCRIPTION,
        USE_YN,
        REG_USER    
    FROM
        SAMPLE    
    WHERE
        1=1         
    ORDER BY
        ID DESC    LIMIT 10 OFFSET 0
======================================================================
2026-05-19 16:34:58.430 
======================================================================
[SQL 실행 시간: 1 ms]

    SELECT
        COUNT(*) totcnt    
    FROM
        SAMPLE    
    WHERE
        1=1
======================================================================
2026-05-19 16:37:06.570 
======================================================================
[SQL 실행 시간: 0 ms]

    SELECT
        ID,
        NAME,
        DESCRIPTION,
        USE_YN,
        REG_USER    
    FROM
        SAMPLE    
    WHERE
        1=1         
    ORDER BY
        ID DESC    LIMIT 10 OFFSET 0
======================================================================
2026-05-19 16:37:06.573 
======================================================================
[SQL 실행 시간: 0 ms]

    SELECT
        COUNT(*) totcnt    
    FROM
        SAMPLE    
    WHERE
        1=1
======================================================================
2026-05-19 16:37:08.136 
======================================================================
[SQL 실행 시간: 0 ms]

    SELECT
        ID,
        NAME,
        DESCRIPTION,
        USE_YN,
        REG_USER    
    FROM
        SAMPLE    
    WHERE
        1=1         
    ORDER BY
        ID DESC    LIMIT 10 OFFSET 0
======================================================================
2026-05-19 16:37:08.140 
======================================================================
[SQL 실행 시간: 0 ms]

    SELECT
        COUNT(*) totcnt    
    FROM
        SAMPLE    
    WHERE
        1=1
======================================================================
2026-05-19 16:37:08.364 
======================================================================
[SQL 실행 시간: 0 ms]

    SELECT
        ID,
        NAME,
        DESCRIPTION,
        USE_YN,
        REG_USER    
    FROM
        SAMPLE    
    WHERE
        1=1         
    ORDER BY
        ID DESC    LIMIT 10 OFFSET 0
======================================================================
2026-05-19 16:37:08.370 
======================================================================
[SQL 실행 시간: 0 ms]

    SELECT
        COUNT(*) totcnt    
    FROM
        SAMPLE    
    WHERE
        1=1
======================================================================
2026-05-19 16:37:08.574 
======================================================================
[SQL 실행 시간: 0 ms]

    SELECT
        ID,
        NAME,
        DESCRIPTION,
        USE_YN,
        REG_USER    
    FROM
        SAMPLE    
    WHERE
        1=1         
    ORDER BY
        ID DESC    LIMIT 10 OFFSET 0
======================================================================
2026-05-19 16:37:08.582 
======================================================================
[SQL 실행 시간: 0 ms]

    SELECT
        COUNT(*) totcnt    
    FROM
        SAMPLE    
    WHERE
        1=1
======================================================================
2026-05-19 16:37:08.793 
======================================================================
[SQL 실행 시간: 0 ms]

    SELECT
        ID,
        NAME,
        DESCRIPTION,
        USE_YN,
        REG_USER    
    FROM
        SAMPLE    
    WHERE
        1=1         
    ORDER BY
        ID DESC    LIMIT 10 OFFSET 0
======================================================================
2026-05-19 16:37:08.797 
======================================================================
[SQL 실행 시간: 0 ms]

    SELECT
        COUNT(*) totcnt    
    FROM
        SAMPLE    
    WHERE
        1=1
======================================================================
2026-05-19 16:37:09.002 
======================================================================
[SQL 실행 시간: 0 ms]

    SELECT
        ID,
        NAME,
        DESCRIPTION,
        USE_YN,
        REG_USER    
    FROM
        SAMPLE    
    WHERE
        1=1         
    ORDER BY
        ID DESC    LIMIT 10 OFFSET 0
======================================================================
2026-05-19 16:37:09.006 
======================================================================
[SQL 실행 시간: 0 ms]

    SELECT
        COUNT(*) totcnt    
    FROM
        SAMPLE    
    WHERE
        1=1
======================================================================
2026-05-19 16:37:09.198 
======================================================================
[SQL 실행 시간: 0 ms]

    SELECT
        ID,
        NAME,
        DESCRIPTION,
        USE_YN,
        REG_USER    
    FROM
        SAMPLE    
    WHERE
        1=1         
    ORDER BY
        ID DESC    LIMIT 10 OFFSET 0
======================================================================
2026-05-19 16:37:09.204 
======================================================================
[SQL 실행 시간: 0 ms]

    SELECT
        COUNT(*) totcnt    
    FROM
        SAMPLE    
    WHERE
        1=1
======================================================================
2026-05-19 16:37:09.439 
======================================================================
[SQL 실행 시간: 0 ms]

    SELECT
        ID,
        NAME,
        DESCRIPTION,
        USE_YN,
        REG_USER    
    FROM
        SAMPLE    
    WHERE
        1=1         
    ORDER BY
        ID DESC    LIMIT 10 OFFSET 0
======================================================================
2026-05-19 16:37:09.443 
======================================================================
[SQL 실행 시간: 0 ms]

    SELECT
        COUNT(*) totcnt    
    FROM
        SAMPLE    
    WHERE
        1=1
======================================================================
2026-05-19 16:37:09.652 
======================================================================
[SQL 실행 시간: 0 ms]

    SELECT
        ID,
        NAME,
        DESCRIPTION,
        USE_YN,
        REG_USER    
    FROM
        SAMPLE    
    WHERE
        1=1         
    ORDER BY
        ID DESC    LIMIT 10 OFFSET 0
======================================================================
2026-05-19 16:37:09.654 
======================================================================
[SQL 실행 시간: 0 ms]

    SELECT
        COUNT(*) totcnt    
    FROM
        SAMPLE    
    WHERE
        1=1
======================================================================
2026-05-19 16:37:09.981 
======================================================================
[SQL 실행 시간: 0 ms]

    SELECT
        ID,
        NAME,
        DESCRIPTION,
        USE_YN,
        REG_USER    
    FROM
        SAMPLE    
    WHERE
        1=1         
    ORDER BY
        ID DESC    LIMIT 10 OFFSET 0
======================================================================
2026-05-19 16:37:09.984 
======================================================================
[SQL 실행 시간: 0 ms]

    SELECT
        COUNT(*) totcnt    
    FROM
        SAMPLE    
    WHERE
        1=1
======================================================================
2026-05-19 16:37:10.419 
======================================================================
[SQL 실행 시간: 0 ms]

    SELECT
        ID,
        NAME,
        DESCRIPTION,
        USE_YN,
        REG_USER    
    FROM
        SAMPLE    
    WHERE
        1=1         
    ORDER BY
        ID DESC    LIMIT 10 OFFSET 0
======================================================================
2026-05-19 16:37:10.421 
======================================================================
[SQL 실행 시간: 0 ms]

    SELECT
        COUNT(*) totcnt    
    FROM
        SAMPLE    
    WHERE
        1=1
======================================================================
2026-05-19 16:37:10.650 
======================================================================
[SQL 실행 시간: 0 ms]

    SELECT
        ID,
        NAME,
        DESCRIPTION,
        USE_YN,
        REG_USER    
    FROM
        SAMPLE    
    WHERE
        1=1         
    ORDER BY
        ID DESC    LIMIT 10 OFFSET 0
======================================================================
2026-05-19 16:37:10.652 
======================================================================
[SQL 실행 시간: 0 ms]

    SELECT
        COUNT(*) totcnt    
    FROM
        SAMPLE    
    WHERE
        1=1
======================================================================
2026-05-19 16:37:11.071 
======================================================================
[SQL 실행 시간: 0 ms]

    SELECT
        ID,
        NAME,
        DESCRIPTION,
        USE_YN,
        REG_USER    
    FROM
        SAMPLE    
    WHERE
        1=1         
    ORDER BY
        ID DESC    LIMIT 10 OFFSET 0
======================================================================
2026-05-19 16:37:11.075 
======================================================================
[SQL 실행 시간: 0 ms]

    SELECT
        COUNT(*) totcnt    
    FROM
        SAMPLE    
    WHERE
        1=1
======================================================================
2026-05-19 16:37:11.461 
======================================================================
[SQL 실행 시간: 0 ms]

    SELECT
        ID,
        NAME,
        DESCRIPTION,
        USE_YN,
        REG_USER    
    FROM
        SAMPLE    
    WHERE
        1=1         
    ORDER BY
        ID DESC    LIMIT 10 OFFSET 0
======================================================================
2026-05-19 16:37:11.463 
======================================================================
[SQL 실행 시간: 0 ms]

    SELECT
        COUNT(*) totcnt    
    FROM
        SAMPLE    
    WHERE
        1=1
======================================================================
2026-05-19 16:37:11.695 
======================================================================
[SQL 실행 시간: 0 ms]

    SELECT
        ID,
        NAME,
        DESCRIPTION,
        USE_YN,
        REG_USER    
    FROM
        SAMPLE    
    WHERE
        1=1         
    ORDER BY
        ID DESC    LIMIT 10 OFFSET 0
======================================================================
2026-05-19 16:37:11.700 
======================================================================
[SQL 실행 시간: 0 ms]

    SELECT
        COUNT(*) totcnt    
    FROM
        SAMPLE    
    WHERE
        1=1
======================================================================
2026-05-19 17:33:57.505 
======================================================================
[SQL 실행 시간: 0 ms]

    SELECT
        ID,
        NAME,
        DESCRIPTION,
        USE_YN,
        REG_USER    
    FROM
        SAMPLE    
    WHERE
        1=1         
    ORDER BY
        ID DESC    LIMIT 10 OFFSET 0
======================================================================
2026-05-19 17:33:57.518 
======================================================================
[SQL 실행 시간: 1 ms]

    SELECT
        COUNT(*) totcnt    
    FROM
        SAMPLE    
    WHERE
        1=1
======================================================================
2026-05-19 17:35:39.386 
======================================================================
[SQL 실행 시간: 0 ms]

    SELECT
        ID,
        NAME,
        DESCRIPTION,
        USE_YN,
        REG_USER    
    FROM
        SAMPLE    
    WHERE
        1=1         
    ORDER BY
        ID DESC    LIMIT 10 OFFSET 0
======================================================================
2026-05-19 17:35:39.403 
======================================================================
[SQL 실행 시간: 2 ms]

    SELECT
        COUNT(*) totcnt    
    FROM
        SAMPLE    
    WHERE
        1=1
======================================================================
2026-05-19 17:36:02.329 
======================================================================
[SQL 실행 시간: 0 ms]

    SELECT
        ID,
        NAME,
        DESCRIPTION,
        USE_YN,
        REG_USER    
    FROM
        SAMPLE    
    WHERE
        1=1         
    ORDER BY
        ID DESC    LIMIT 10 OFFSET 0
======================================================================
2026-05-19 17:36:02.336 
======================================================================
[SQL 실행 시간: 0 ms]

    SELECT
        COUNT(*) totcnt    
    FROM
        SAMPLE    
    WHERE
        1=1
======================================================================
2026-05-19 17:38:15.473 
======================================================================
[SQL 실행 시간: 0 ms]

    SELECT
        ID,
        NAME,
        DESCRIPTION,
        USE_YN,
        REG_USER    
    FROM
        SAMPLE    
    WHERE
        1=1         
    ORDER BY
        ID DESC    LIMIT 10 OFFSET 0
======================================================================
2026-05-19 17:38:15.488 
======================================================================
[SQL 실행 시간: 0 ms]

    SELECT
        COUNT(*) totcnt    
    FROM
        SAMPLE    
    WHERE
        1=1
======================================================================
2026-05-19 17:40:02.530 
======================================================================
[SQL 실행 시간: 1 ms]

    SELECT
        ID,
        NAME,
        DESCRIPTION,
        USE_YN,
        REG_USER    
    FROM
        SAMPLE    
    WHERE
        1=1         
    ORDER BY
        ID DESC    LIMIT 10 OFFSET 0
======================================================================
2026-05-19 17:40:02.548 
======================================================================
[SQL 실행 시간: 1 ms]

    SELECT
        COUNT(*) totcnt    
    FROM
        SAMPLE    
    WHERE
        1=1
======================================================================
2026-05-19 17:41:03.947 
======================================================================
[SQL 실행 시간: 0 ms]

    SELECT
        ID,
        NAME,
        DESCRIPTION,
        USE_YN,
        REG_USER    
    FROM
        SAMPLE    
    WHERE
        1=1         
    ORDER BY
        ID DESC    LIMIT 10 OFFSET 0
======================================================================
2026-05-19 17:41:03.951 
======================================================================
[SQL 실행 시간: 0 ms]

    SELECT
        COUNT(*) totcnt    
    FROM
        SAMPLE    
    WHERE
        1=1
======================================================================
2026-05-19 17:41:06.611 
======================================================================
[SQL 실행 시간: 0 ms]

    SELECT
        ID,
        NAME,
        DESCRIPTION,
        USE_YN,
        REG_USER    
    FROM
        SAMPLE    
    WHERE
        1=1         
    ORDER BY
        ID DESC    LIMIT 10 OFFSET 0
======================================================================
2026-05-19 17:41:06.613 
======================================================================
[SQL 실행 시간: 0 ms]

    SELECT
        COUNT(*) totcnt    
    FROM
        SAMPLE    
    WHERE
        1=1
======================================================================
2026-05-19 17:42:35.197 
======================================================================
[SQL 실행 시간: 0 ms]

    SELECT
        ID,
        NAME,
        DESCRIPTION,
        USE_YN,
        REG_USER    
    FROM
        SAMPLE    
    WHERE
        1=1         
    ORDER BY
        ID DESC    LIMIT 10 OFFSET 0
======================================================================
2026-05-19 17:42:35.201 
======================================================================
[SQL 실행 시간: 0 ms]

    SELECT
        COUNT(*) totcnt    
    FROM
        SAMPLE    
    WHERE
        1=1
======================================================================
2026-05-19 17:56:27.833 
======================================================================
[SQL 실행 시간: 0 ms]

    SELECT
        ID,
        NAME,
        DESCRIPTION,
        USE_YN,
        REG_USER    
    FROM
        SAMPLE    
    WHERE
        1=1         
    ORDER BY
        ID DESC    LIMIT 10 OFFSET 0
======================================================================
2026-05-19 17:56:27.837 
======================================================================
[SQL 실행 시간: 0 ms]

    SELECT
        COUNT(*) totcnt    
    FROM
        SAMPLE    
    WHERE
        1=1
======================================================================
2026-05-19 17:56:45.487 
======================================================================
[SQL 실행 시간: 0 ms]

    SELECT
        ID,
        NAME,
        DESCRIPTION,
        USE_YN,
        REG_USER    
    FROM
        SAMPLE    
    WHERE
        1=1         
    ORDER BY
        ID DESC    LIMIT 10 OFFSET 0
======================================================================
2026-05-19 17:56:45.489 
======================================================================
[SQL 실행 시간: 0 ms]

    SELECT
        COUNT(*) totcnt    
    FROM
        SAMPLE    
    WHERE
        1=1
======================================================================
2026-05-19 17:57:02.329 
======================================================================
[SQL 실행 시간: 0 ms]

    SELECT
        ID,
        NAME,
        DESCRIPTION,
        USE_YN,
        REG_USER    
    FROM
        SAMPLE    
    WHERE
        1=1         
    ORDER BY
        ID DESC    LIMIT 10 OFFSET 0
======================================================================
2026-05-19 17:57:02.332 
======================================================================
[SQL 실행 시간: 0 ms]

    SELECT
        COUNT(*) totcnt    
    FROM
        SAMPLE    
    WHERE
        1=1
======================================================================
